[2023-09-05T00:35:44.219+0000] {taskinstance.py:1159} INFO - Dependencies all met for dep_context=non-requeueable deps ti=<TaskInstance: FIBA_dag.connect_check scheduled__2023-09-04T00:00:00+00:00 [queued]>
[2023-09-05T00:35:44.225+0000] {taskinstance.py:1159} INFO - Dependencies all met for dep_context=requeueable deps ti=<TaskInstance: FIBA_dag.connect_check scheduled__2023-09-04T00:00:00+00:00 [queued]>
[2023-09-05T00:35:44.227+0000] {taskinstance.py:1361} INFO - Starting attempt 6 of 6
[2023-09-05T00:35:44.237+0000] {taskinstance.py:1382} INFO - Executing <Task(PythonOperator): connect_check> on 2023-09-04 00:00:00+00:00
[2023-09-05T00:35:44.244+0000] {standard_task_runner.py:57} INFO - Started process 2307 to run task
[2023-09-05T00:35:44.247+0000] {standard_task_runner.py:84} INFO - Running: ['***', 'tasks', 'run', 'FIBA_dag', 'connect_check', 'scheduled__2023-09-04T00:00:00+00:00', '--job-id', '164', '--raw', '--subdir', 'DAGS_FOLDER/FIBA.py', '--cfg-path', '/tmp/tmpgikp396e']
[2023-09-05T00:35:44.250+0000] {standard_task_runner.py:85} INFO - Job 164: Subtask connect_check
[2023-09-05T00:35:44.284+0000] {task_command.py:415} INFO - Running <TaskInstance: FIBA_dag.connect_check scheduled__2023-09-04T00:00:00+00:00 [running]> on host eef6eb91103e
[2023-09-05T00:35:44.328+0000] {taskinstance.py:1660} INFO - Exporting env vars: AIRFLOW_CTX_DAG_OWNER='andy_hsu' AIRFLOW_CTX_DAG_ID='FIBA_dag' AIRFLOW_CTX_TASK_ID='connect_check' AIRFLOW_CTX_EXECUTION_DATE='2023-09-04T00:00:00+00:00' AIRFLOW_CTX_TRY_NUMBER='6' AIRFLOW_CTX_DAG_RUN_ID='scheduled__2023-09-04T00:00:00+00:00'
[2023-09-05T00:35:44.359+0000] {taskinstance.py:1943} ERROR - Task failed with exception
Traceback (most recent call last):
  File "/home/airflow/.local/lib/python3.8/site-packages/urllib3/connection.py", line 174, in _new_conn
    conn = connection.create_connection(
  File "/home/airflow/.local/lib/python3.8/site-packages/urllib3/util/connection.py", line 72, in create_connection
    for res in socket.getaddrinfo(host, port, family, socket.SOCK_STREAM):
  File "/usr/local/lib/python3.8/socket.py", line 918, in getaddrinfo
    for res in _socket.getaddrinfo(host, port, family, type, proto, flags):
socket.gaierror: [Errno -2] Name or service not known

During handling of the above exception, another exception occurred:

Traceback (most recent call last):
  File "/home/airflow/.local/lib/python3.8/site-packages/urllib3/connectionpool.py", line 714, in urlopen
    httplib_response = self._make_request(
  File "/home/airflow/.local/lib/python3.8/site-packages/urllib3/connectionpool.py", line 403, in _make_request
    self._validate_conn(conn)
  File "/home/airflow/.local/lib/python3.8/site-packages/urllib3/connectionpool.py", line 1053, in _validate_conn
    conn.connect()
  File "/home/airflow/.local/lib/python3.8/site-packages/urllib3/connection.py", line 363, in connect
    self.sock = conn = self._new_conn()
  File "/home/airflow/.local/lib/python3.8/site-packages/urllib3/connection.py", line 186, in _new_conn
    raise NewConnectionError(
urllib3.exceptions.NewConnectionError: <urllib3.connection.HTTPSConnection object at 0xffff65a8f400>: Failed to establish a new connection: [Errno -2] Name or service not known

During handling of the above exception, another exception occurred:

Traceback (most recent call last):
  File "/home/airflow/.local/lib/python3.8/site-packages/requests/adapters.py", line 486, in send
    resp = conn.urlopen(
  File "/home/airflow/.local/lib/python3.8/site-packages/urllib3/connectionpool.py", line 798, in urlopen
    retries = retries.increment(
  File "/home/airflow/.local/lib/python3.8/site-packages/urllib3/util/retry.py", line 592, in increment
    raise MaxRetryError(_pool, url, error or ResponseError(cause))
urllib3.exceptions.MaxRetryError: HTTPSConnectionPool(host='www.fiba.basketball', port=443): Max retries exceeded with url: /basketballworldcup/2023/games (Caused by NewConnectionError('<urllib3.connection.HTTPSConnection object at 0xffff65a8f400>: Failed to establish a new connection: [Errno -2] Name or service not known'))

During handling of the above exception, another exception occurred:

Traceback (most recent call last):
  File "/home/airflow/.local/lib/python3.8/site-packages/airflow/operators/python.py", line 192, in execute
    return_value = self.execute_callable()
  File "/home/airflow/.local/lib/python3.8/site-packages/airflow/operators/python.py", line 209, in execute_callable
    return self.python_callable(*self.op_args, **self.op_kwargs)
  File "/opt/airflow/dags/FIBA.py", line 29, in requests_url
    if requests.get("https://www.fiba.basketball/basketballworldcup/2023/games").status_code == 200:
  File "/home/airflow/.local/lib/python3.8/site-packages/requests/api.py", line 73, in get
    return request("get", url, params=params, **kwargs)
  File "/home/airflow/.local/lib/python3.8/site-packages/requests/api.py", line 59, in request
    return session.request(method=method, url=url, **kwargs)
  File "/home/airflow/.local/lib/python3.8/site-packages/requests/sessions.py", line 589, in request
    resp = self.send(prep, **send_kwargs)
  File "/home/airflow/.local/lib/python3.8/site-packages/requests/sessions.py", line 703, in send
    r = adapter.send(request, **kwargs)
  File "/home/airflow/.local/lib/python3.8/site-packages/requests/adapters.py", line 519, in send
    raise ConnectionError(e, request=request)
requests.exceptions.ConnectionError: HTTPSConnectionPool(host='www.fiba.basketball', port=443): Max retries exceeded with url: /basketballworldcup/2023/games (Caused by NewConnectionError('<urllib3.connection.HTTPSConnection object at 0xffff65a8f400>: Failed to establish a new connection: [Errno -2] Name or service not known'))
[2023-09-05T00:35:44.376+0000] {taskinstance.py:1400} INFO - Marking task as FAILED. dag_id=FIBA_dag, task_id=connect_check, execution_date=20230904T000000, start_date=20230905T003544, end_date=20230905T003544
[2023-09-05T00:35:44.383+0000] {standard_task_runner.py:104} ERROR - Failed to execute job 164 for task connect_check (HTTPSConnectionPool(host='www.fiba.basketball', port=443): Max retries exceeded with url: /basketballworldcup/2023/games (Caused by NewConnectionError('<urllib3.connection.HTTPSConnection object at 0xffff65a8f400>: Failed to establish a new connection: [Errno -2] Name or service not known')); 2307)
[2023-09-05T00:35:44.422+0000] {local_task_job_runner.py:228} INFO - Task exited with return code 1
[2023-09-05T00:35:44.436+0000] {taskinstance.py:2784} INFO - 0 downstream tasks scheduled from follow-on schedule check
